<?xml version="1.0" encoding="UTF-8"?>
<!-- Generated by org.testng.reporters.JUnitReportReporter -->
<testsuite hostname="DESKTOP-F9SGKT7" failures="0" tests="2" name="testing.two_test" time="61.622" errors="0" timestamp="2022-11-02T12:24:35 IST" skipped="0">
  <testcase classname="testing.two_test" name="BusinessLogic_one" time="30.772"/>
  <system-out/>
  <testcase classname="testing.two_test" name="BusinessLogic_two" time="30.850"/>
  <system-out/>
</testsuite> <!-- testing.two_test -->
