<?xml version="1.0" encoding="UTF-8"?>
<!-- Generated by org.testng.reporters.JUnitReportReporter -->
<testsuite hostname="DESKTOP-F9SGKT7" failures="0" tests="1" name="testing.basic" time="0.019" errors="0" timestamp="2022-11-01T09:20:11 IST" skipped="0">
  <testcase classname="testing.basic" name="BussinessLogic" time="0.019"/>
  <system-out/>
</testsuite> <!-- testing.basic -->
