<?xml version="1.0" encoding="UTF-8"?>
<!-- Generated by org.testng.reporters.JUnitReportReporter -->
<testsuite hostname="DESKTOP-F9SGKT7" failures="0" tests="1" name="testing.single_test" time="30.442" errors="0" timestamp="2022-11-01T21:30:43 IST" skipped="0">
  <testcase classname="testing.single_test" name="BusinessLogic" time="30.442"/>
  <system-out/>
</testsuite> <!-- testing.single_test -->
